<?xml version="1.0" encoding="UTF-8"?>
<testsuite name="com.project.integrationTest.entity.EntityIntegrationTest" tests="4" skipped="0" failures="0" errors="0" timestamp="2022-09-11T04:40:14" hostname="ARC02Y544MJG5H.local" time="0.28">
  <properties/>
  <testcase name="[1] someSmallId=2, someBigId=1, somePrice=20.20, someEnum=SOME_VALUE, someDate=2020-06-14 00:00:00" classname="com.project.integrationTest.entity.EntityIntegrationTest" time="0.217"/>
  <testcase name="[2] someSmallId=1, someBigId=2, somePrice=20.20, someEnum=SOME_VALUE, someDate=2020-06-14 00:00:00" classname="com.project.integrationTest.entity.EntityIntegrationTest" time="0.01"/>
  <testcase name="[1] someSmallId=1, someBigId=1, somePrice=20.20, someEnum=SOME_VALUE, someDate=2020-06-14 00:00:00" classname="com.project.integrationTest.entity.EntityIntegrationTest" time="0.034"/>
  <testcase name="whenTryToGetPriceWithInvalidCriteriaBodyThenThrowBadRequest()" classname="com.project.integrationTest.entity.EntityIntegrationTest" time="0.013"/>
  <system-out><![CDATA[2022-09-11 01:40:14.291  INFO 39577 --- [    Test worker] .b.t.c.SpringBootTestContextBootstrapper : Neither @ContextConfiguration nor @ContextHierarchy found for test class [com.project.integrationTest.entity.EntityIntegrationTest], using SpringBootContextLoader
2022-09-11 01:40:14.292  INFO 39577 --- [    Test worker] o.s.t.c.support.AbstractContextLoader    : Could not detect default resource locations for test class [com.project.integrationTest.entity.EntityIntegrationTest]: no resource found for suffixes {-context.xml, Context.groovy}.
2022-09-11 01:40:14.292  INFO 39577 --- [    Test worker] t.c.s.AnnotationConfigContextLoaderUtils : Could not detect default configuration classes for test class [com.project.integrationTest.entity.EntityIntegrationTest]: EntityIntegrationTest does not declare any static, non-private, non-final, nested classes annotated with @Configuration.
2022-09-11 01:40:14.305  INFO 39577 --- [    Test worker] .b.t.c.SpringBootTestContextBootstrapper : Found @SpringBootConfiguration com.project.Application for test class com.project.integrationTest.entity.EntityIntegrationTest
2022-09-11 01:40:14.309  INFO 39577 --- [    Test worker] .b.t.c.SpringBootTestContextBootstrapper : Loaded default TestExecutionListener class names from location [META-INF/spring.factories]: [org.springframework.boot.test.autoconfigure.restdocs.RestDocsTestExecutionListener, org.springframework.boot.test.autoconfigure.web.client.MockRestServiceServerResetTestExecutionListener, org.springframework.boot.test.autoconfigure.web.servlet.MockMvcPrintOnlyOnFailureTestExecutionListener, org.springframework.boot.test.autoconfigure.web.servlet.WebDriverTestExecutionListener, org.springframework.boot.test.autoconfigure.webservices.client.MockWebServiceServerTestExecutionListener, org.springframework.boot.test.mock.mockito.MockitoTestExecutionListener, org.springframework.boot.test.mock.mockito.ResetMocksTestExecutionListener, org.springframework.test.context.web.ServletTestExecutionListener, org.springframework.test.context.support.DirtiesContextBeforeModesTestExecutionListener, org.springframework.test.context.event.ApplicationEventsTestExecutionListener, org.springframework.test.context.support.DependencyInjectionTestExecutionListener, org.springframework.test.context.support.DirtiesContextTestExecutionListener, org.springframework.test.context.transaction.TransactionalTestExecutionListener, org.springframework.test.context.jdbc.SqlScriptsTestExecutionListener, org.springframework.test.context.event.EventPublishingTestExecutionListener]
2022-09-11 01:40:14.310  INFO 39577 --- [    Test worker] .b.t.c.SpringBootTestContextBootstrapper : Using TestExecutionListeners: [org.springframework.test.context.web.ServletTestExecutionListener@1d93949d, org.springframework.test.context.support.DirtiesContextBeforeModesTestExecutionListener@1959f96b, org.springframework.test.context.event.ApplicationEventsTestExecutionListener@6d80864b, org.springframework.boot.test.mock.mockito.MockitoTestExecutionListener@77dd9b1d, org.springframework.boot.test.autoconfigure.SpringBootDependencyInjectionTestExecutionListener@766bde07, org.springframework.test.context.support.DirtiesContextTestExecutionListener@20aff300, org.springframework.test.context.transaction.TransactionalTestExecutionListener@49f48b80, org.springframework.test.context.jdbc.SqlScriptsTestExecutionListener@526af4d0, org.springframework.test.context.event.EventPublishingTestExecutionListener@7a59937c, org.springframework.boot.test.autoconfigure.restdocs.RestDocsTestExecutionListener@25b158c4, org.springframework.boot.test.autoconfigure.web.client.MockRestServiceServerResetTestExecutionListener@48f46f79, org.springframework.boot.test.autoconfigure.web.servlet.MockMvcPrintOnlyOnFailureTestExecutionListener@4dbddec3, org.springframework.boot.test.autoconfigure.web.servlet.WebDriverTestExecutionListener@7bc9767b, org.springframework.boot.test.autoconfigure.webservices.client.MockWebServiceServerTestExecutionListener@549176be, org.springframework.boot.test.mock.mockito.ResetMocksTestExecutionListener@3ff554f2]

  .   ____          _            __ _ _
 /\\ / ___'_ __ _ _(_)_ __  __ _ \ \ \ \
( ( )\___ | '_ | '_| | '_ \/ _` | \ \ \ \
 \\/  ___)| |_)| | | | | || (_| |  ) ) ) )
  '  |____| .__|_| |_|_| |_\__, | / / / /
 =========|_|==============|___/=/_/_/_/
 :: Spring Boot ::                (v2.7.3)

2022-09-11 01:40:14.336  INFO 39577 --- [    Test worker] c.p.i.entity.EntityIntegrationTest       : Starting EntityIntegrationTest using Java 11.0.11 on ARC02Y544MJG5H.local with PID 39577 (started by Fi in /Users/Shared/java-starter-api/java-starter)
2022-09-11 01:40:14.337  INFO 39577 --- [    Test worker] c.p.i.entity.EntityIntegrationTest       : No active profile set, falling back to 1 default profile: "default"
2022-09-11 01:40:14.563  INFO 39577 --- [    Test worker] com.zaxxer.hikari.HikariDataSource       : HikariPool-3 - Starting...
2022-09-11 01:40:14.564  INFO 39577 --- [    Test worker] com.zaxxer.hikari.HikariDataSource       : HikariPool-3 - Start completed.
2022-09-11 01:40:14.565  INFO 39577 --- [    Test worker] o.f.c.i.database.base.BaseDatabaseType   : Database: jdbc:h2:mem:testdb (H2 2.1)
2022-09-11 01:40:14.569  INFO 39577 --- [    Test worker] o.f.core.internal.command.DbValidate     : Successfully validated 2 migrations (execution time 00:00.002s)
2022-09-11 01:40:14.571  INFO 39577 --- [    Test worker] o.f.core.internal.command.DbMigrate      : Current version of schema "PUBLIC": 2
2022-09-11 01:40:14.572  INFO 39577 --- [    Test worker] o.f.core.internal.command.DbMigrate      : Schema "PUBLIC" is up to date. No migration necessary.
2022-09-11 01:40:14.836  INFO 39577 --- [    Test worker] o.s.b.t.m.w.SpringBootMockServletContext : Initializing Spring TestDispatcherServlet ''
2022-09-11 01:40:14.836  INFO 39577 --- [    Test worker] o.s.t.web.servlet.TestDispatcherServlet  : Initializing Servlet ''
2022-09-11 01:40:14.837  INFO 39577 --- [    Test worker] o.s.t.web.servlet.TestDispatcherServlet  : Completed initialization in 1 ms
2022-09-11 01:40:14.845  INFO 39577 --- [    Test worker] c.p.i.entity.EntityIntegrationTest       : Started EntityIntegrationTest in 0.533 seconds (JVM running for 5.742)

MockHttpServletRequest:
      HTTP Method = GET
      Request URI = /entity/
       Parameters = {}
          Headers = [Content-Type:"application/json;charset=UTF-8", Accept:"application/json", Content-Length:"113"]
             Body = {"some_small_id":2,"some_big_id":1,"some_price":20.20,"some_enum":"SOME_VALUE","some_date":"2020-06-14 00:00:00"}
    Session Attrs = {}

Handler:
             Type = com.project.controller.EntityController
           Method = com.project.controller.EntityController#getEntityToApplyByCriteria(EntityBodyReq)

Async:
    Async started = false
     Async result = null

Resolved Exception:
             Type = org.springframework.web.server.ResponseStatusException

ModelAndView:
        View name = null
             View = null
            Model = null

FlashMap:
       Attributes = null

MockHttpServletResponse:
           Status = 404
    Error message = Not found
          Headers = []
     Content type = null
             Body = 
    Forwarded URL = null
   Redirected URL = null
          Cookies = []

MockHttpServletRequest:
      HTTP Method = GET
      Request URI = /entity/
       Parameters = {}
          Headers = [Content-Type:"application/json;charset=UTF-8", Accept:"application/json", Content-Length:"113"]
             Body = {"some_small_id":1,"some_big_id":2,"some_price":20.20,"some_enum":"SOME_VALUE","some_date":"2020-06-14 00:00:00"}
    Session Attrs = {}

Handler:
             Type = com.project.controller.EntityController
           Method = com.project.controller.EntityController#getEntityToApplyByCriteria(EntityBodyReq)

Async:
    Async started = false
     Async result = null

Resolved Exception:
             Type = org.springframework.web.server.ResponseStatusException

ModelAndView:
        View name = null
             View = null
            Model = null

FlashMap:
       Attributes = null

MockHttpServletResponse:
           Status = 404
    Error message = Not found
          Headers = []
     Content type = null
             Body = 
    Forwarded URL = null
   Redirected URL = null
          Cookies = []

MockHttpServletRequest:
      HTTP Method = GET
      Request URI = /entity/
       Parameters = {}
          Headers = [Content-Type:"application/json;charset=UTF-8", Accept:"application/json", Content-Length:"113"]
             Body = {"some_small_id":1,"some_big_id":1,"some_price":20.20,"some_enum":"SOME_VALUE","some_date":"2020-06-14 00:00:00"}
    Session Attrs = {}

Handler:
             Type = com.project.controller.EntityController
           Method = com.project.controller.EntityController#getEntityToApplyByCriteria(EntityBodyReq)

Async:
    Async started = false
     Async result = null

Resolved Exception:
             Type = null

ModelAndView:
        View name = null
             View = null
            Model = null

FlashMap:
       Attributes = null

MockHttpServletResponse:
           Status = 200
    Error message = null
          Headers = [Content-Type:"application/json"]
     Content type = application/json
             Body = {"some_small_id":1,"some_big_id":1,"some_price":20.20,"some_enum":"SOME_VALUE","some_date":"2020-06-14 00:00:00"}
    Forwarded URL = null
   Redirected URL = null
          Cookies = []
2022-09-11 01:40:15.145  WARN 39577 --- [    Test worker] .w.s.m.s.DefaultHandlerExceptionResolver : Resolved [org.springframework.http.converter.HttpMessageNotReadableException: JSON parse error: Unrecognized token 'adfas': was expecting (JSON String, Number, Array, Object or token 'null', 'true' or 'false'); nested exception is com.fasterxml.jackson.core.JsonParseException: Unrecognized token 'adfas': was expecting (JSON String, Number, Array, Object or token 'null', 'true' or 'false')<EOL> at [Source: (org.springframework.util.StreamUtils$NonClosingInputStream); line: 1, column: 6]]

MockHttpServletRequest:
      HTTP Method = GET
      Request URI = /entity/
       Parameters = {}
          Headers = [Content-Type:"application/json;charset=UTF-8", Accept:"application/json", Content-Length:"5"]
             Body = adfas
    Session Attrs = {}

Handler:
             Type = com.project.controller.EntityController
           Method = com.project.controller.EntityController#getEntityToApplyByCriteria(EntityBodyReq)

Async:
    Async started = false
     Async result = null

Resolved Exception:
             Type = org.springframework.http.converter.HttpMessageNotReadableException

ModelAndView:
        View name = null
             View = null
            Model = null

FlashMap:
       Attributes = null

MockHttpServletResponse:
           Status = 400
    Error message = null
          Headers = []
     Content type = null
             Body = 
    Forwarded URL = null
   Redirected URL = null
          Cookies = []
]]></system-out>
  <system-err><![CDATA[]]></system-err>
</testsuite>
